<?xml version="1.0" encoding="UTF-8"?>
<!-- Generated by org.testng.reporters.JUnitXMLReporter -->
<testsuite ignored="1" hostname="LAPTOP-OQRM63HH" failures="0" tests="4" name="Default test" time="10.174" errors="0" timestamp="2022-03-24T06:54:31 IST">
  <testcase classname="com.facebook.testscript.LogInTester" name="TextChecker" time="0.064"/>
  <testcase classname="com.facebook.testscript.LogInTester" name="loginButtonCheck" time="0.062"/>
  <testcase classname="com.facebook.testscript.LogInTester" name="loginLogoDisplay" time="0.215"/>
  <testcase classname="com.facebook.testscript.LogInTester" name="loginPageTester" time="0.317"/>
  <testcase classname="com.facebook.testscript.LogInTester" name="excel" time="0.0">
    <ignored/>
  </testcase> <!-- excel -->
</testsuite> <!-- Default test -->
