<?xml version="1.0" encoding="UTF-8"?>
<testng-results ignored="1" total="5" passed="4" failed="0" skipped="0">
  <reporter-output>
    <line>
      <![CDATA[logout]]>
    </line>
    <line>
      <![CDATA[logout]]>
    </line>
    <line>
      <![CDATA[logout]]>
    </line>
    <line>
      <![CDATA[passed]]>
    </line>
    <line>
      <![CDATA[logout]]>
    </line>
  </reporter-output>
  <suite started-at="2022-03-24T06:50:23 IST" name="Default suite" finished-at="2022-03-24T06:50:33 IST" duration-ms="10380">
    <groups>
    </groups>
    <test started-at="2022-03-24T06:50:23 IST" name="Default test" finished-at="2022-03-24T06:50:33 IST" duration-ms="10380">
      <class name="com.facebook.testscript.LogInTester">
        <test-method is-config="true" signature="openBrowser()[pri:0, instance:com.facebook.testscript.LogInTester@4b41dd5c]" started-at="2022-03-24T06:50:23 IST" name="openBrowser" finished-at="2022-03-24T06:50:26 IST" duration-ms="2953" status="PASS">
          <reporter-output>
          </reporter-output>
        </test-method> <!-- openBrowser -->
        <test-method is-config="true" signature="openUrl()[pri:0, instance:com.facebook.testscript.LogInTester@4b41dd5c]" started-at="2022-03-24T06:50:26 IST" name="openUrl" finished-at="2022-03-24T06:50:28 IST" duration-ms="2440" status="PASS">
          <reporter-output>
          </reporter-output>
        </test-method> <!-- openUrl -->
        <test-method signature="TextChecker()[pri:0, instance:com.facebook.testscript.LogInTester@4b41dd5c]" started-at="2022-03-24T06:50:28 IST" name="TextChecker" finished-at="2022-03-24T06:50:28 IST" duration-ms="50" status="PASS">
          <reporter-output>
          </reporter-output>
        </test-method> <!-- TextChecker -->
        <test-method is-config="true" signature="logout()[pri:0, instance:com.facebook.testscript.LogInTester@4b41dd5c]" started-at="2022-03-24T06:50:28 IST" name="logout" finished-at="2022-03-24T06:50:28 IST" duration-ms="0" status="PASS">
          <reporter-output>
            <line>
              <![CDATA[logout]]>
            </line>
          </reporter-output>
        </test-method> <!-- logout -->
        <test-method is-config="true" signature="openUrl()[pri:0, instance:com.facebook.testscript.LogInTester@4b41dd5c]" started-at="2022-03-24T06:50:28 IST" name="openUrl" finished-at="2022-03-24T06:50:30 IST" duration-ms="1533" status="PASS">
          <reporter-output>
          </reporter-output>
        </test-method> <!-- openUrl -->
        <test-method signature="loginButtonCheck()[pri:0, instance:com.facebook.testscript.LogInTester@4b41dd5c]" started-at="2022-03-24T06:50:30 IST" name="loginButtonCheck" finished-at="2022-03-24T06:50:30 IST" duration-ms="21" status="PASS">
          <reporter-output>
          </reporter-output>
        </test-method> <!-- loginButtonCheck -->
        <test-method is-config="true" signature="logout()[pri:0, instance:com.facebook.testscript.LogInTester@4b41dd5c]" started-at="2022-03-24T06:50:30 IST" name="logout" finished-at="2022-03-24T06:50:30 IST" duration-ms="1" status="PASS">
          <reporter-output>
            <line>
              <![CDATA[logout]]>
            </line>
          </reporter-output>
        </test-method> <!-- logout -->
        <test-method is-config="true" signature="openUrl()[pri:0, instance:com.facebook.testscript.LogInTester@4b41dd5c]" started-at="2022-03-24T06:50:30 IST" name="openUrl" finished-at="2022-03-24T06:50:31 IST" duration-ms="1534" status="PASS">
          <reporter-output>
          </reporter-output>
        </test-method> <!-- openUrl -->
        <test-method signature="loginLogoDisplay()[pri:0, instance:com.facebook.testscript.LogInTester@4b41dd5c]" started-at="2022-03-24T06:50:31 IST" name="loginLogoDisplay" finished-at="2022-03-24T06:50:31 IST" duration-ms="47" status="PASS">
          <reporter-output>
          </reporter-output>
        </test-method> <!-- loginLogoDisplay -->
        <test-method is-config="true" signature="logout()[pri:0, instance:com.facebook.testscript.LogInTester@4b41dd5c]" started-at="2022-03-24T06:50:31 IST" name="logout" finished-at="2022-03-24T06:50:31 IST" duration-ms="0" status="PASS">
          <reporter-output>
            <line>
              <![CDATA[logout]]>
            </line>
          </reporter-output>
        </test-method> <!-- logout -->
        <test-method is-config="true" signature="openUrl()[pri:0, instance:com.facebook.testscript.LogInTester@4b41dd5c]" started-at="2022-03-24T06:50:31 IST" name="openUrl" finished-at="2022-03-24T06:50:33 IST" duration-ms="1388" status="PASS">
          <reporter-output>
          </reporter-output>
        </test-method> <!-- openUrl -->
        <test-method signature="loginPageTester()[pri:0, instance:com.facebook.testscript.LogInTester@4b41dd5c]" started-at="2022-03-24T06:50:33 IST" name="loginPageTester" finished-at="2022-03-24T06:50:33 IST" duration-ms="227" status="PASS">
          <reporter-output>
            <line>
              <![CDATA[passed]]>
            </line>
          </reporter-output>
        </test-method> <!-- loginPageTester -->
        <test-method is-config="true" signature="logout()[pri:0, instance:com.facebook.testscript.LogInTester@4b41dd5c]" started-at="2022-03-24T06:50:33 IST" name="logout" finished-at="2022-03-24T06:50:33 IST" duration-ms="1" status="PASS">
          <reporter-output>
            <line>
              <![CDATA[logout]]>
            </line>
          </reporter-output>
        </test-method> <!-- logout -->
        <test-method is-config="true" signature="closeBrowser()[pri:0, instance:com.facebook.testscript.LogInTester@4b41dd5c]" started-at="2022-03-24T06:50:33 IST" name="closeBrowser" finished-at="2022-03-24T06:50:33 IST" duration-ms="142" status="PASS">
          <reporter-output>
          </reporter-output>
        </test-method> <!-- closeBrowser -->
      </class> <!-- com.facebook.testscript.LogInTester -->
    </test> <!-- Default test -->
  </suite> <!-- Default suite -->
</testng-results>
